GROUP,PACKAGE,CLASS,INSTRUCTION_MISSED,INSTRUCTION_COVERED,BRANCH_MISSED,BRANCH_COVERED,LINE_MISSED,LINE_COVERED,COMPLEXITY_MISSED,COMPLEXITY_COVERED,METHOD_MISSED,METHOD_COVERED
SubEtha SMTP,org.subethamail.smtp.server,InvalidCommandNameException,16,0,0,0,7,0,4,0,4,0
SubEtha SMTP,org.subethamail.smtp.server,UnknownCommandException,12,4,0,0,5,2,3,1,3,1
SubEtha SMTP,org.subethamail.smtp.server,SMTPServer,163,255,16,8,53,79,33,29,21,29
SubEtha SMTP,org.subethamail.smtp.server,TimeBasedSessionIdFactory,0,34,0,2,0,9,0,3,0,2
SubEtha SMTP,org.subethamail.smtp.server,CommandRegistry,0,228,0,4,0,22,0,5,0,3
SubEtha SMTP,org.subethamail.smtp.server,CommandException,12,4,0,0,5,2,3,1,3,1
SubEtha SMTP,org.subethamail.smtp.server,RequireAuthCommandWrapper,4,27,0,4,1,8,1,5,1,3
SubEtha SMTP,org.subethamail.smtp.server,Session,190,352,18,24,60,104,27,34,11,29
SubEtha SMTP,org.subethamail.smtp.server,HelpMessage,103,75,30,4,17,16,19,5,4,3
SubEtha SMTP,org.subethamail.smtp.server,RequireTLSCommandWrapper,4,27,1,3,1,8,2,4,1,3
SubEtha SMTP,org.subethamail.smtp.server,ServerThread,100,228,2,6,39,68,3,13,1,11
SubEtha SMTP,org.subethamail.smtp.server,BaseCommand,5,70,2,4,2,17,3,7,1,6
SubEtha SMTP,org.subethamail.smtp.server,CommandHandler,67,128,8,12,13,31,12,10,5,7
SubEtha SMTP,org.subethamail.smtp.command,MailCommand,13,120,2,14,7,33,2,8,0,2
SubEtha SMTP,org.subethamail.smtp.command,AuthCommand,17,85,4,12,8,29,4,6,0,2
SubEtha SMTP,org.subethamail.smtp.command,QuitCommand,0,11,0,0,0,5,0,2,0,2
SubEtha SMTP,org.subethamail.smtp.command,VerifyCommand,4,5,0,0,2,2,1,1,1,1
SubEtha SMTP,org.subethamail.smtp.command,HelloCommand,0,38,0,2,0,10,0,3,0,2
SubEtha SMTP,org.subethamail.smtp.command,DataCommand,10,80,2,6,5,27,2,4,0,2
SubEtha SMTP,org.subethamail.smtp.command,EhloCommand,12,88,5,7,3,24,4,4,0,2
SubEtha SMTP,org.subethamail.smtp.command,ResetCommand,0,11,0,0,0,5,0,2,0,2
SubEtha SMTP,org.subethamail.smtp.command,StartTLSCommand,79,29,5,3,22,9,3,4,0,3
SubEtha SMTP,org.subethamail.smtp.command,HelpCommand,94,6,4,0,18,2,5,1,3,1
SubEtha SMTP,org.subethamail.smtp.command,ExpandCommand,4,5,0,0,2,2,1,1,1,1
SubEtha SMTP,org.subethamail.smtp.command,ReceiptCommand,7,66,2,6,4,18,2,4,0,2
SubEtha SMTP,org.subethamail.smtp.command,NoopCommand,0,9,0,0,0,4,0,2,0,2
SubEtha SMTP,org.subethamail.smtp.helper,SimpleMessageListenerAdapter.Delivery,0,15,0,0,0,6,0,3,0,3
SubEtha SMTP,org.subethamail.smtp.helper,SimpleMessageListenerAdapter,5,24,0,0,2,8,1,4,1,4
SubEtha SMTP,org.subethamail.smtp.helper,SimpleMessageListenerAdapter.Handler,0,129,0,12,0,28,0,11,0,5
SubEtha SMTP,org.subethamail.smtp.helper,SmarterMessageListenerAdapter.Handler,127,0,14,0,28,0,12,0,5,0
SubEtha SMTP,org.subethamail.smtp.helper,SmarterMessageListenerAdapter,29,0,0,0,10,0,5,0,5,0
SubEtha SMTP,org.subethamail.smtp.auth,PlainAuthenticationHandlerFactory,0,23,0,0,0,8,0,4,0,4
SubEtha SMTP,org.subethamail.smtp.auth,LoginFailedException,8,0,0,0,4,0,2,0,2,0
SubEtha SMTP,org.subethamail.smtp.auth,EasyAuthenticationHandlerFactory,3,20,0,0,1,5,1,1,1,1
SubEtha SMTP,org.subethamail.smtp.auth,MultipleAuthenticationHandlerFactory,27,52,3,3,5,13,3,5,1,4
SubEtha SMTP,org.subethamail.smtp.auth,PlainAuthenticationHandlerFactory.Handler,39,119,8,12,8,21,9,4,1,2
SubEtha SMTP,org.subethamail.smtp.auth,LoginAuthenticationHandlerFactory.Handler,56,84,6,8,11,18,6,4,1,2
SubEtha SMTP,org.subethamail.smtp.auth,LoginAuthenticationHandlerFactory,0,23,0,0,0,8,0,4,0,4
SubEtha SMTP,org.subethamail.smtp.auth,MultipleAuthenticationHandlerFactory.Handler,22,44,2,4,3,11,3,3,1,2
SubEtha SMTP,org.subethamail.wiser,WiserMessage,58,27,2,0,13,7,6,2,5,2
SubEtha SMTP,org.subethamail.wiser,Wiser,76,95,5,5,15,27,7,12,3,11
SubEtha SMTP,org.subethamail.smtp,RejectException,12,20,0,0,5,4,3,2,3,2
SubEtha SMTP,org.subethamail.smtp,Version,36,8,3,1,6,2,5,1,3,1
SubEtha SMTP,org.subethamail.smtp,DropConnectionException,12,0,0,0,5,0,3,0,3,0
SubEtha SMTP,org.subethamail.smtp,TooMuchDataException,7,0,0,0,3,0,2,0,2,0
SubEtha SMTP,org.subethamail.smtp.client,SmartClient,316,0,24,0,81,0,34,0,22,0
SubEtha SMTP,org.subethamail.smtp.client,SMTPClient,396,0,32,0,89,0,34,0,18,0
SubEtha SMTP,org.subethamail.smtp.client,SMTPClient.Response,40,0,4,0,8,0,7,0,5,0
SubEtha SMTP,org.subethamail.smtp.client,AuthenticationNotSupportedException,4,0,0,0,2,0,1,0,1,0
SubEtha SMTP,org.subethamail.smtp.client,SMTPException,11,0,0,0,4,0,2,0,2,0
SubEtha SMTP,org.subethamail.smtp.client,PlainAuthenticator,96,0,4,0,24,0,7,0,5,0
SubEtha SMTP,org.subethamail.smtp.io,DotUnstuffingInputStream,23,102,11,15,5,22,11,6,1,3
SubEtha SMTP,org.subethamail.smtp.io,ReceivedHeaderStream,41,188,2,10,8,32,8,9,6,5
SubEtha SMTP,org.subethamail.smtp.io,CRLFTerminatedReader.TerminationException,16,0,0,0,7,0,3,0,3,0
SubEtha SMTP,org.subethamail.smtp.io,ExtraDotOutputStream,38,0,10,0,10,0,8,0,3,0
SubEtha SMTP,org.subethamail.smtp.io,CRLFOutputStream,171,0,16,0,50,0,14,0,5,0
SubEtha SMTP,org.subethamail.smtp.io,CRLFTerminatedReader,55,48,13,7,17,17,11,5,1,3
SubEtha SMTP,org.subethamail.smtp.io,DotTerminatedOutputStream,0,143,2,6,0,21,2,7,0,5
SubEtha SMTP,org.subethamail.smtp.io,BetterByteArrayOutputStream,3,13,0,0,1,3,1,2,1,2
SubEtha SMTP,org.subethamail.smtp.io,DotTerminatedInputStream,0,161,2,18,0,30,2,14,0,6
SubEtha SMTP,org.subethamail.smtp.io,ThresholdingOutputStream,51,42,2,2,15,13,7,3,5,3
SubEtha SMTP,org.subethamail.smtp.io,CRLFTerminatedReader.MaxLineLengthException,7,0,0,0,3,0,2,0,2,0
SubEtha SMTP,org.subethamail.smtp.io,DeferredFileOutputStream,51,36,5,3,11,11,5,3,1,3
SubEtha SMTP,org.subethamail.smtp.util,TextUtils,23,45,0,4,7,10,3,7,3,5
SubEtha SMTP,org.subethamail.smtp.util,EmailUtils,35,50,4,6,7,17,5,4,2,2
SubEtha SMTP,org.subethamail.smtp.util,Base64,1216,341,182,32,211,63,106,12,7,4
